<?xml version="1.0" encoding="UTF-8"?>
<robot generator="Robot 3.1.1 (Python 3.7.2 on win32)" generated="20190408 13:54:49.856" rpa="false">
<suite id="s1" name="Solutions" source="C:\SELF TRAINING MATERIALS\Robot Framework\Session 1\work-shop-sessions\session1\solutions">
<suite id="s1-s1" name="Keyword-Style" source="C:\SELF TRAINING MATERIALS\Robot Framework\Session 1\work-shop-sessions\session1\solutions\03__keyword-style.robot">
<test id="s1-s1-t1" name="Search For Product And Add It To Cart">
<kw name="Setup Browser" library="base" type="setup">
<kw name="Open Browser" library="SeleniumLibrary">
<doc>Opens a new browser instance to the given ``url``.</doc>
<arguments>
<arg>${BASEURL}</arg>
<arg>browser=${BROWSER}</arg>
</arguments>
<msg timestamp="20190408 13:54:50.811" level="INFO">Opening browser 'chrome' to base url 'http://demoshop24.com'.</msg>
<kw name="Capture Page Screenshot" library="SeleniumLibrary">
<doc>Takes screenshot of the current page and embeds it into log file.</doc>
<msg timestamp="20190408 13:54:50.820" level="INFO">Cannot capture screenshot because no browser is open.</msg>
<status status="PASS" starttime="20190408 13:54:50.819" endtime="20190408 13:54:50.821"></status>
</kw>
<msg timestamp="20190408 13:54:50.830" level="FAIL">WebDriverException: Message: 'chromedriver' executable needs to be in PATH. Please see https://sites.google.com/a/chromium.org/chromedriver/home
</msg>
<status status="FAIL" starttime="20190408 13:54:50.811" endtime="20190408 13:54:50.831"></status>
</kw>
<status status="FAIL" starttime="20190408 13:54:50.809" endtime="20190408 13:54:50.831"></status>
</kw>
<tags>
<tag>03</tag>
<tag>rfs</tag>
</tags>
<status status="FAIL" starttime="20190408 13:54:50.808" endtime="20190408 13:54:50.832" critical="yes">Setup failed:
WebDriverException: Message: 'chromedriver' executable needs to be in PATH. Please see https://sites.google.com/a/chromium.org/chromedriver/home
</status>
</test>
<status status="FAIL" starttime="20190408 13:54:50.796" endtime="20190408 13:54:50.834"></status>
</suite>
<status status="FAIL" starttime="20190408 13:54:50.244" endtime="20190408 13:54:50.836"></status>
</suite>
<statistics>
<total>
<stat pass="0" fail="1">Critical Tests</stat>
<stat pass="0" fail="1">All Tests</stat>
</total>
<tag>
<stat pass="0" fail="1">03</stat>
<stat pass="0" fail="1">rfs</stat>
</tag>
<suite>
<stat pass="0" fail="1" id="s1" name="Solutions">Solutions</stat>
<stat pass="0" fail="1" id="s1-s1" name="Keyword-Style">Solutions.Keyword-Style</stat>
</suite>
</statistics>
<errors>
</errors>
</robot>
